Using pre-set license
Built from '2020.3/release' branch; Version is '2020.3.1f1 (77a89f25062f) revision 7841951'; Using compiler version '192528614'; Build Type 'Release'
OS: 'Windows 10 Home Single Language; OS build 19042.928; Version 2009; 64bit' Language: 'es' Physical Memory: 7055 MB
BatchMode: 1, IsHumanControllingUs: 0, StartBugReporterOnCrash: 0, Is64bit: 1, IsPro: 0

 COMMAND LINE ARGUMENTS:
C:\Program Files\UnityEditor\2020.3.1f1\Editor\Unity.exe
-adb2
-batchMode
-noUpm
-name
AssetImportWorker4
-projectPath
C:/Users/metal/Desktop/UNAB/Topicos 2/UNity/borrador1
-logFile
Logs/AssetImportWorker4.log
-srvPort
51578
Successfully changed project path to: C:/Users/metal/Desktop/UNAB/Topicos 2/UNity/borrador1
C:/Users/metal/Desktop/UNAB/Topicos 2/UNity/borrador1
Using Asset Import Pipeline V2.
